<?xml version="1.0" encoding="UTF-8"?>
<!-- Generated by org.testng.reporters.JUnitXMLReporter -->
<testsuite hostname="Nikil" name="videos" tests="2" failures="1" timestamp="25 Feb 2018 02:27:43 GMT" time="58.089" errors="0">
  <testcase name="TestC" time="57.977" classname="com.USICS.testcases.videos">
    <failure type="org.openqa.selenium.WebDriverException" message="An unknown server-side error occurred while processing the command. (WARNING: The server did not provide any stacktrace information)
Command duration or timeout: 19 milliseconds
Build info: version: &amp;apos;2.53.0&amp;apos;, revision: &amp;apos;35ae25b1534ae328c771e0856c93e187490ca824&amp;apos;, time: &amp;apos;2016-03-15 10:43:46&amp;apos;
System info: host: &amp;apos;Nikil&amp;apos;, ip: &amp;apos;192.168.1.7&amp;apos;, os.name: &amp;apos;Windows 8.1&amp;apos;, os.arch: &amp;apos;amd64&amp;apos;, os.version: &amp;apos;6.3&amp;apos;, java.version: &amp;apos;1.8.0_131&amp;apos;
Driver info: io.appium.java_client.android.AndroidDriver
Capabilities [{app=C:\Users\nikil kaarthi\Downloads\com.cnbc.client_2017-08-25.apk, appPackage=com.cnbc.client, deviceScreenSize=720x1280, networkConnectionEnabled=true, warnings={}, appWaitPackage=com.cnbc.client, appWaitActivity=com.cnbc.client.Activities.SplashActivity, databaseEnabled=false, deviceName=LGL53BL6edee49d, platform=LINUX, deviceUDID=LGL53BL6edee49d, appActivity=com.cnbc.client.Activities.SplashActivity, desired={app=C:\Users\nikil kaarthi\Downloads\com.cnbc.client_2017-08-25.apk, platformVersion=6.0.1, platformName=Android, deviceName=LGL53BL}, platformVersion=6.0.1, webStorageEnabled=false, locationContextEnabled=false, takesScreenshot=true, javascriptEnabled=true, deviceModel=LGL53BL, platformName=Android, deviceManufacturer=LGE}]
Session ID: eb0b4d76-ab54-46ea-82b0-b7da13bdcf5e">
      <![CDATA[org.openqa.selenium.WebDriverException: An unknown server-side error occurred while processing the command. (WARNING: The server did not provide any stacktrace information)
Command duration or timeout: 19 milliseconds
Build info: version: '2.53.0', revision: '35ae25b1534ae328c771e0856c93e187490ca824', time: '2016-03-15 10:43:46'
System info: host: 'Nikil', ip: '192.168.1.7', os.name: 'Windows 8.1', os.arch: 'amd64', os.version: '6.3', java.version: '1.8.0_131'
Driver info: io.appium.java_client.android.AndroidDriver
Capabilities [{app=C:\Users\nikil kaarthi\Downloads\com.cnbc.client_2017-08-25.apk, appPackage=com.cnbc.client, deviceScreenSize=720x1280, networkConnectionEnabled=true, warnings={}, appWaitPackage=com.cnbc.client, appWaitActivity=com.cnbc.client.Activities.SplashActivity, databaseEnabled=false, deviceName=LGL53BL6edee49d, platform=LINUX, deviceUDID=LGL53BL6edee49d, appActivity=com.cnbc.client.Activities.SplashActivity, desired={app=C:\Users\nikil kaarthi\Downloads\com.cnbc.client_2017-08-25.apk, platformVersion=6.0.1, platformName=Android, deviceName=LGL53BL}, platformVersion=6.0.1, webStorageEnabled=false, locationContextEnabled=false, takesScreenshot=true, javascriptEnabled=true, deviceModel=LGL53BL, platformName=Android, deviceManufacturer=LGE}]
Session ID: eb0b4d76-ab54-46ea-82b0-b7da13bdcf5e
	at org.openqa.selenium.remote.ErrorHandler.createThrowable(ErrorHandler.java:206)
	at org.openqa.selenium.remote.ErrorHandler.throwIfResponseFailed(ErrorHandler.java:158)
	at org.openqa.selenium.remote.RemoteWebDriver.execute(RemoteWebDriver.java:678)
	at io.appium.java_client.DefaultGenericMobileDriver.execute(DefaultGenericMobileDriver.java:42)
	at io.appium.java_client.AppiumDriver.execute(AppiumDriver.java:1)
	at io.appium.java_client.android.AndroidDriver.execute(AndroidDriver.java:1)
	at io.appium.java_client.AppiumDriver.performTouchAction(AppiumDriver.java:314)
	at io.appium.java_client.TouchAction.perform(TouchAction.java:301)
	at io.appium.java_client.AppiumDriver.swipe(AppiumDriver.java:369)
	at com.USICS.base.BaseTest.getvideoitems(BaseTest.java:435)
	at com.USICS.testcases.videos.TestC(videos.java:55)
... Removed 28 stack frames]]>
    </failure>
  </testcase> <!-- TestC -->
  <testcase name="TestC" time="0.003" classname="com.USICS.testcases.videos">
    <skipped/>
  </testcase> <!-- TestC -->
</testsuite> <!-- videos -->
